<?xml version="1.0" encoding="UTF-8"?>
<!-- Generated by org.testng.reporters.JUnitXMLReporter -->
<testsuite ignored="1" hostname="LAPTOP-8S1146N8" failures="0" tests="1" name="Test" time="16.833" errors="0" timestamp="2025-04-24T12:12:46 IST">
  <testcase classname="com.mystore.testcases.TC_MyAccountPageTest" name="verifyLogin" time="3.854"/>
  <testcase classname="com.mystore.testcases.TC_MyAccountPageTest" name="verifyRegistrationAndLogin" time="0.0">
    <ignored/>
  </testcase> <!-- verifyRegistrationAndLogin -->
</testsuite> <!-- Test -->
