<?xml version="1.0" encoding="UTF-8"?>
<testng-results ignored="1" total="2" passed="1" failed="0" skipped="0">
  <reporter-output>
  </reporter-output>
  <suite started-at="2025-04-24T12:12:29 IST" name="Suite" finished-at="2025-04-24T12:12:45 IST" duration-ms="16833">
    <groups>
    </groups>
    <test started-at="2025-04-24T12:12:29 IST" name="Test" finished-at="2025-04-24T12:12:45 IST" duration-ms="16833">
      <class name="com.mystore.testcases.TC_MyAccountPageTest">
        <test-method is-config="true" signature="setup()[pri:0, instance:com.mystore.testcases.TC_MyAccountPageTest@2dde1bff]" started-at="2025-04-24T12:12:29 IST" name="setup" finished-at="2025-04-24T12:12:42 IST" duration-ms="12457" status="PASS">
          <reporter-output>
          </reporter-output>
        </test-method> <!-- setup -->
        <test-method signature="verifyLogin()[pri:0, instance:com.mystore.testcases.TC_MyAccountPageTest@2dde1bff]" started-at="2025-04-24T12:12:42 IST" name="verifyLogin" finished-at="2025-04-24T12:12:45 IST" duration-ms="3854" status="PASS">
          <reporter-output>
          </reporter-output>
        </test-method> <!-- verifyLogin -->
      </class> <!-- com.mystore.testcases.TC_MyAccountPageTest -->
    </test> <!-- Test -->
  </suite> <!-- Suite -->
</testng-results>
